<?xml version="1.0" encoding="UTF-8"?>
<!-- Generated by org.testng.reporters.JUnitReportReporter -->
<testsuite hostname="DESKTOP-MVE7KCF" failures="0" tests="1" name="screemShot.ScreenShot_Of_WebPage" time="7.811" errors="0" timestamp="2022-03-17T11:32:25 IST" skipped="0">
  <testcase classname="screemShot.ScreenShot_Of_WebPage" name="screenShotOfCompletePage" time="7.811"/>
  <system-out/>
</testsuite> <!-- screemShot.ScreenShot_Of_WebPage -->
