<?xml version="1.0" encoding="UTF-8"?>
<!-- Generated by org.testng.reporters.JUnitReportReporter -->
<testsuite hostname="DESKTOP-MVE7KCF" failures="0" tests="1" name="assertions.AssertTrue" time="15.394" errors="0" timestamp="2022-03-19T16:27:13 IST" skipped="0">
  <testcase classname="assertions.AssertTrue" name="verifyCheckBoxEnabled" time="15.394"/>
  <system-out/>
</testsuite> <!-- assertions.AssertTrue -->
