<?xml version="1.0" encoding="UTF-8"?>
<!-- Generated by org.testng.reporters.JUnitReportReporter -->
<testsuite hostname="DESKTOP-MVE7KCF" failures="0" tests="5" name="testNG_Keywords.invocationCount_Keyword" time="29.492" errors="0" timestamp="2022-03-18T09:31:46 IST" skipped="0">
  <testcase classname="testNG_Keywords.invocationCount_Keyword" name="openbrowser" time="6.066"/>
  <system-out/>
  <testcase classname="testNG_Keywords.invocationCount_Keyword" name="openbrowser" time="6.028"/>
  <system-out/>
  <testcase classname="testNG_Keywords.invocationCount_Keyword" name="openbrowser" time="5.420"/>
  <system-out/>
  <testcase classname="testNG_Keywords.invocationCount_Keyword" name="openbrowser" time="6.161"/>
  <system-out/>
  <testcase classname="testNG_Keywords.invocationCount_Keyword" name="openbrowser" time="5.817"/>
  <system-out/>
</testsuite> <!-- testNG_Keywords.invocationCount_Keyword -->
