<?xml version="1.0" encoding="UTF-8"?>
<!-- Generated by org.testng.reporters.JUnitReportReporter -->
<testsuite hostname="DESKTOP-MVE7KCF" failures="0" tests="3" name="testNG.TestNg_Demo" time="0.027" errors="0" timestamp="2022-04-07T09:49:29 IST" skipped="0">
  <testcase classname="testNG.TestNg_Demo" name="test3" time="0.018"/>
  <system-out>
    <![CDATA[Running test 3]]>
  </system-out>
  <testcase classname="testNG.TestNg_Demo" name="test2" time="0.004"/>
  <system-out>
    <![CDATA[Running test 2]]>
  </system-out>
  <testcase classname="testNG.TestNg_Demo" name="test1" time="0.005"/>
  <system-out>
    <![CDATA[Running test 1]]>
  </system-out>
</testsuite> <!-- testNG.TestNg_Demo -->
