<?xml version="1.0" encoding="UTF-8"?>
<!-- Generated by org.testng.reporters.JUnitReportReporter -->
<testsuite hostname="DESKTOP-MVE7KCF" failures="0" tests="3" name="testNG.Sample" time="12.222" errors="0" timestamp="2022-04-07T10:35:00 IST" skipped="0">
  <testcase classname="testNG.Sample" name="login" time="12.212"/>
  <system-out/>
  <testcase classname="testNG.Sample" name="demo" time="0.005"/>
  <system-out/>
  <testcase classname="testNG.Sample" name="demo1" time="0.005"/>
  <system-out/>
</testsuite> <!-- testNG.Sample -->
