<?xml version="1.0" encoding="UTF-8"?>
<!-- Generated by org.testng.reporters.JUnitReportReporter -->
<testsuite hostname="DESKTOP-MVE7KCF" failures="0" tests="1" name="POM_DDF_TestNG_Flipkart.TestClass" time="9.059" errors="0" timestamp="2022-04-14T13:34:15 IST" skipped="0">
  <testcase classname="POM_DDF_TestNG_Flipkart.TestClass" name="verifyDropDownElement" time="9.059"/>
  <system-out/>
</testsuite> <!-- POM_DDF_TestNG_Flipkart.TestClass -->
