<?xml version="1.0" encoding="UTF-8"?>
<!-- Generated by org.testng.reporters.JUnitReportReporter -->
<testsuite hostname="DESKTOP-MVE7KCF" failures="0" tests="1" name="assertions.AssertNotEuals" time="4.149" errors="0" timestamp="2022-03-19T15:50:25 IST" skipped="0">
  <testcase classname="assertions.AssertNotEuals" name="openFacebook" time="4.149"/>
  <system-out/>
</testsuite> <!-- assertions.AssertNotEuals -->
