<?xml version="1.0" encoding="UTF-8"?>
<!-- Generated by org.testng.reporters.JUnitReportReporter -->
<testsuite hostname="DESKTOP-MVE7KCF" failures="0" tests="1" name="DisableTestCasesDemo.Sample2" time="0.003" errors="0" timestamp="2022-03-20T10:46:04 IST" skipped="0">
  <testcase classname="DisableTestCasesDemo.Sample2" name="TC4" time="0.003"/>
  <system-out>
    <![CDATA[Running TC4]]>
  </system-out>
</testsuite> <!-- DisableTestCasesDemo.Sample2 -->
