<?xml version="1.0" encoding="UTF-8"?>
<!-- Generated by org.testng.reporters.JUnitReportReporter -->
<testsuite hostname="DESKTOP-MVE7KCF" failures="0" tests="2" name="testNG_Keywords.Priority_Keyword" time="12.019" errors="0" timestamp="2022-03-18T09:31:46 IST" skipped="0">
  <testcase classname="testNG_Keywords.Priority_Keyword" name="openEdgebrowser" time="8.181"/>
  <system-out/>
  <testcase classname="testNG_Keywords.Priority_Keyword" name="openChromebrowser" time="3.838"/>
  <system-out/>
</testsuite> <!-- testNG_Keywords.Priority_Keyword -->
