<?xml version="1.0" encoding="UTF-8"?>
<!-- Generated by org.testng.reporters.JUnitReportReporter -->
<testsuite hostname="DESKTOP-MVE7KCF" failures="0" tests="1" name="assertions.AssertEquals" time="7.679" errors="0" timestamp="2022-03-19T14:04:34 IST" skipped="0">
  <testcase classname="assertions.AssertEquals" name="setBrowser" time="7.679"/>
  <system-out/>
</testsuite> <!-- assertions.AssertEquals -->
