<?xml version="1.0" encoding="UTF-8"?>
<!-- Generated by org.testng.reporters.JUnitReportReporter -->
<testsuite hostname="DESKTOP-MVE7KCF" failures="0" tests="3" name="ActionClass.MouseOver" time="21.000" errors="0" timestamp="2022-03-21T09:29:38 IST" skipped="0">
  <testcase classname="ActionClass.MouseOver" name="setBrowser" time="3.412"/>
  <system-out/>
  <testcase classname="ActionClass.MouseOver" name="loginPage" time="11.720"/>
  <system-out/>
  <testcase classname="ActionClass.MouseOver" name="homePage" time="5.868"/>
  <system-out/>
</testsuite> <!-- ActionClass.MouseOver -->
