<?xml version="1.0" encoding="UTF-8"?>
<!-- Generated by org.testng.reporters.JUnitReportReporter -->
<testsuite hostname="DESKTOP-MVE7KCF" failures="0" tests="2" name="ActionClass.Drag_and_Drop" time="23.588" errors="0" timestamp="2022-03-23T18:09:19 IST" skipped="0">
  <testcase classname="ActionClass.Drag_and_Drop" name="findElementForDragAndDrop" time="23.136"/>
  <system-out/>
  <testcase classname="ActionClass.Drag_and_Drop" name="verifyPerfectMessage" time="0.452"/>
  <system-out>
    <![CDATA[Test is pass]]>
  </system-out>
</testsuite> <!-- ActionClass.Drag_and_Drop -->
