<?xml version="1.0" encoding="UTF-8"?>
<!-- Generated by org.testng.reporters.JUnitReportReporter -->
<testsuite hostname="DESKTOP-MVE7KCF" failures="0" tests="1" name="screemShot.ScreenShotOf_WenElement" time="9.403" errors="0" timestamp="2022-03-17T11:42:30 IST" skipped="0">
  <testcase classname="screemShot.ScreenShotOf_WenElement" name="screenShotOfWenElement" time="9.403"/>
  <system-out/>
</testsuite> <!-- screemShot.ScreenShotOf_WenElement -->
