<?xml version="1.0" encoding="UTF-8"?>
<!-- Generated by org.testng.reporters.JUnitReportReporter -->
<testsuite hostname="DESKTOP-MVE7KCF" failures="0" tests="1" name="POM_DDF_TestNG.KiteTestClass" time="8.600" errors="0" timestamp="2022-03-24T17:29:39 IST" skipped="0">
  <testcase classname="POM_DDF_TestNG.KiteTestClass" name="verifyUserID" time="8.600"/>
  <system-out/>
</testsuite> <!-- POM_DDF_TestNG.KiteTestClass -->
