<?xml version="1.0" encoding="UTF-8"?>
<!-- Generated by org.testng.reporters.JUnitReportReporter -->
<testsuite hostname="DESKTOP-MVE7KCF" failures="0" tests="1" name="testNG.WriteDataTestClass" time="0.072" errors="0" timestamp="2022-04-07T08:12:35 IST" skipped="0">
  <testcase classname="testNG.WriteDataTestClass" name="setData" time="0.072"/>
  <system-out/>
</testsuite> <!-- testNG.WriteDataTestClass -->
