<?xml version="1.0" encoding="UTF-8"?>
<!-- Generated by org.testng.reporters.JUnitReportReporter -->
<testsuite hostname="DESKTOP-MVE7KCF" failures="0" tests="2" name="testNG_Keywords.Enable_keyword" time="14.465" errors="0" timestamp="2022-03-17T15:24:30 IST" skipped="0">
  <testcase classname="testNG_Keywords.Enable_keyword" name="openEdgebrowser" time="8.008"/>
  <system-out/>
  <testcase classname="testNG_Keywords.Enable_keyword" name="openChromebrowser" time="6.457"/>
  <system-out/>
</testsuite> <!-- testNG_Keywords.Enable_keyword -->
