<?xml version="1.0" encoding="UTF-8"?>
<!-- Generated by org.testng.reporters.JUnitReportReporter -->
<testsuite hostname="DESKTOP-MVE7KCF" failures="0" tests="1" name="assertions.AssertFalse" time="21.506" errors="0" timestamp="2022-03-19T16:32:13 IST" skipped="0">
  <testcase classname="assertions.AssertFalse" name="verifyCheckBoxEnabled" time="21.506"/>
  <system-out/>
</testsuite> <!-- assertions.AssertFalse -->
