<?xml version="1.0" encoding="UTF-8"?>
<!-- Generated by org.testng.reporters.JUnitReportReporter -->
<testsuite hostname="DESKTOP-MVE7KCF" failures="0" tests="2" name="DisableTestCasesDemo.Sample1" time="0.021" errors="0" timestamp="2022-03-20T10:46:04 IST" skipped="0">
  <testcase classname="DisableTestCasesDemo.Sample1" name="TC2" time="0.003"/>
  <system-out>
    <![CDATA[Running TC2]]>
  </system-out>
  <testcase classname="DisableTestCasesDemo.Sample1" name="TC1" time="0.018"/>
  <system-out>
    <![CDATA[Running TC1]]>
  </system-out>
</testsuite> <!-- DisableTestCasesDemo.Sample1 -->
